<?xml version="1.0" encoding="UTF-8"?>
<!-- Generated by org.testng.reporters.JUnitReportReporter -->
<testsuite hostname="WKWZTfZlPaWinwH" failures="0" tests="5" name="day5.SeleniumGridDemo" time="62.149" errors="0" timestamp="2022-11-24T11:53:26 IST" skipped="0">
  <testcase classname="day5.SeleniumGridDemo" name="test13" time="18.788"/>
  <system-out/>
  <testcase classname="day5.SeleniumGridDemo" name="test13" time="12.643"/>
  <system-out/>
  <testcase classname="day5.SeleniumGridDemo" name="test13" time="9.478"/>
  <system-out/>
  <testcase classname="day5.SeleniumGridDemo" name="test13" time="10.060"/>
  <system-out/>
  <testcase classname="day5.SeleniumGridDemo" name="test13" time="11.180"/>
  <system-out/>
</testsuite> <!-- day5.SeleniumGridDemo -->
