<?xml version="1.0" encoding="UTF-8"?>
<!-- Generated by org.testng.reporters.JUnitReportReporter -->
<testsuite hostname="Mukeshs-MacBook-Air-2.local" failures="0" tests="4" name="day3.AdditionalAttributes" time="27.098" errors="0" timestamp="2022-11-22T17:07:25 IST" skipped="1">
  <testcase classname="day3.AdditionalAttributes" name="verifyForgotPasswordLink" time="9.058"/>
  <system-out/>
  <testcase classname="day3.AdditionalAttributes" name="verifyURL" time="9.105"/>
  <system-out/>
  <testcase classname="day3.AdditionalAttributes" name="verifyTitle" time="8.935"/>
  <system-out/>
  <testcase classname="day3.AdditionalAttributes" name="verifySocialMediaCount">
    <skipped/>
  </testcase> <!-- verifySocialMediaCount -->
  <system-out/>
</testsuite> <!-- day3.AdditionalAttributes -->
