<?xml version="1.0" encoding="UTF-8"?>
<!-- Generated by org.testng.reporters.JUnitReportReporter -->
<testsuite hostname="Mukeshs-MacBook-Air-2.local" failures="0" tests="10" name="day3.SameTestMultipleTimes" time="0.874" errors="0" timestamp="2022-11-22T17:07:25 IST" skipped="0">
  <testcase classname="day3.SameTestMultipleTimes" name="createUser" time="0.023"/>
  <system-out/>
  <testcase classname="day3.SameTestMultipleTimes" name="createUser" time="0.029"/>
  <system-out/>
  <testcase classname="day3.SameTestMultipleTimes" name="createUser" time="0.029"/>
  <system-out/>
  <testcase classname="day3.SameTestMultipleTimes" name="createUser" time="0.037"/>
  <system-out/>
  <testcase classname="day3.SameTestMultipleTimes" name="createUser" time="0.464"/>
  <system-out/>
  <testcase classname="day3.SameTestMultipleTimes" name="createUser" time="0.114"/>
  <system-out/>
  <testcase classname="day3.SameTestMultipleTimes" name="createUser" time="0.083"/>
  <system-out/>
  <testcase classname="day3.SameTestMultipleTimes" name="createUser" time="0.025"/>
  <system-out/>
  <testcase classname="day3.SameTestMultipleTimes" name="createUser" time="0.030"/>
  <system-out/>
  <testcase classname="day3.SameTestMultipleTimes" name="createUser" time="0.040"/>
  <system-out/>
</testsuite> <!-- day3.SameTestMultipleTimes -->
