<?xml version="1.0" encoding="UTF-8"?>
<!-- Generated by org.testng.reporters.JUnitReportReporter -->
<testsuite hostname="Mukeshs-MacBook-Air-2.local" failures="0" tests="4" name="day3.MyFirstTestNGTest2" time="0.043" errors="0" timestamp="2022-11-22T17:07:25 IST" skipped="0">
  <testcase classname="day3.MyFirstTestNGTest2" name="deleteAccount" time="0.008"/>
  <system-out/>
  <testcase classname="day3.MyFirstTestNGTest2" name="createAccount" time="0.016"/>
  <system-out/>
  <testcase classname="day3.MyFirstTestNGTest2" name="logOutFromApplication" time="0.009"/>
  <system-out/>
  <testcase classname="day3.MyFirstTestNGTest2" name="login" time="0.010"/>
  <system-out/>
</testsuite> <!-- day3.MyFirstTestNGTest2 -->
