<?xml version="1.0" encoding="UTF-8"?>
<!-- Generated by org.testng.reporters.JUnitReportReporter -->
<testsuite hostname="WKWZTfZlPaWinwH" failures="0" tests="1" name="day5.uploadAutoIT" time="8.872" errors="0" timestamp="2022-11-24T15:37:16 IST" skipped="0">
  <testcase classname="day5.uploadAutoIT" name="test" time="8.872"/>
  <system-out/>
</testsuite> <!-- day5.uploadAutoIT -->
