<?xml version="1.0" encoding="UTF-8"?>
<!-- Generated by org.testng.reporters.JUnitReportReporter -->
<testsuite hostname="Mukeshs-MacBook-Air-2.local" failures="0" tests="3" name="day3.MyFirstTestNGTest" time="0.013" errors="0" timestamp="2022-11-22T17:07:25 IST" skipped="0">
  <testcase classname="day3.MyFirstTestNGTest" name="test2" time="0.006"/>
  <system-out/>
  <testcase classname="day3.MyFirstTestNGTest" name="test3" time="0.002"/>
  <system-out/>
  <testcase classname="day3.MyFirstTestNGTest" name="test1" time="0.005"/>
  <system-out/>
</testsuite> <!-- day3.MyFirstTestNGTest -->
