<?xml version="1.0" encoding="UTF-8"?>
<!-- Generated by org.testng.reporters.JUnitReportReporter -->
<testsuite hostname="WKWZTfZlPaWinwH" failures="0" tests="1" name="day5.SeleniumGridDemo2" time="8.370" errors="0" timestamp="2022-11-24T12:11:36 IST" skipped="0">
  <testcase classname="day5.SeleniumGridDemo2" name="test13" time="8.370"/>
  <system-out/>
</testsuite> <!-- day5.SeleniumGridDemo2 -->
