<?xml version="1.0" encoding="UTF-8"?>
<!-- Generated by org.testng.reporters.JUnitReportReporter -->
<testsuite hostname="Mukeshs-MacBook-Air-2.local" failures="0" tests="2" name="day3.MyFirstTestNGTest3" time="0.011" errors="0" timestamp="2022-11-22T17:07:25 IST" skipped="0">
  <testcase classname="day3.MyFirstTestNGTest3" name="logOutFromApplication" time="0.002"/>
  <system-out/>
  <testcase classname="day3.MyFirstTestNGTest3" name="login" time="0.009"/>
  <system-out>
    <![CDATA[Login Done]]>
  </system-out>
</testsuite> <!-- day3.MyFirstTestNGTest3 -->
