<?xml version="1.0" encoding="UTF-8"?>
<!-- Generated by org.testng.reporters.JUnitReportReporter -->
<testsuite hostname="WKWZTfZlPaWinwH" failures="0" tests="1" name="day5.SelectorHubTest" time="12.196" errors="0" timestamp="2022-11-24T16:37:28 IST" skipped="0">
  <testcase classname="day5.SelectorHubTest" name="test" time="12.196"/>
  <system-out/>
</testsuite> <!-- day5.SelectorHubTest -->
