<?xml version="1.0" encoding="UTF-8"?>
<!-- Generated by org.testng.reporters.JUnitReportReporter -->
<testsuite hostname="Mukeshs-MacBook-Air-2.local" failures="0" tests="4" name="day3.SmokeTest" time="39.788" errors="0" timestamp="2022-11-22T17:07:25 IST" skipped="0">
  <testcase classname="day3.SmokeTest" name="verifySocialMediaCount" time="11.809"/>
  <system-out/>
  <testcase classname="day3.SmokeTest" name="verifyTitle" time="9.208"/>
  <system-out/>
  <testcase classname="day3.SmokeTest" name="verifyForgotPasswordLink" time="9.225"/>
  <system-out/>
  <testcase classname="day3.SmokeTest" name="verifyURL" time="9.546"/>
  <system-out/>
</testsuite> <!-- day3.SmokeTest -->
