<?xml version="1.0" encoding="UTF-8"?>
<!-- Generated by org.testng.reporters.JUnitReportReporter -->
<testsuite hostname="WKWZTfZlPaWinwH" failures="0" tests="4" name="day3.MyFirstTestNGTest2" time="0.006" errors="0" timestamp="2022-11-23T16:17:53 IST" skipped="0">
  <testcase classname="day3.MyFirstTestNGTest2" name="deleteAccount" time="0.000"/>
  <system-out/>
  <testcase classname="day3.MyFirstTestNGTest2" name="createAccount" time="0.000"/>
  <system-out/>
  <testcase classname="day3.MyFirstTestNGTest2" name="logOutFromApplication" time="0.006"/>
  <system-out/>
  <testcase classname="day3.MyFirstTestNGTest2" name="login" time="0.000"/>
  <system-out/>
</testsuite> <!-- day3.MyFirstTestNGTest2 -->
