<?xml version="1.0" encoding="UTF-8"?>
<!-- Generated by org.testng.reporters.JUnitReportReporter -->
<testsuite hostname="WKWZTfZlPaWinwH" failures="0" tests="4" name="day3.SmokeTest" time="15.563" errors="0" timestamp="2022-11-23T16:17:53 IST" skipped="0">
  <testcase classname="day3.SmokeTest" name="verifySocialMediaCount" time="3.802"/>
  <system-out/>
  <testcase classname="day3.SmokeTest" name="verifyURL" time="4.735"/>
  <system-out/>
  <testcase classname="day3.SmokeTest" name="verifyTitle" time="3.520"/>
  <system-out/>
  <testcase classname="day3.SmokeTest" name="verifyForgotPasswordLink" time="3.506"/>
  <system-out/>
</testsuite> <!-- day3.SmokeTest -->
