<?xml version="1.0" encoding="UTF-8"?>
<!-- Generated by org.testng.reporters.JUnitReportReporter -->
<testsuite hostname="WKWZTfZlPaWinwH" failures="0" tests="2" name="day3.MyFirstTestNGTest3" time="0.000" errors="0" timestamp="2022-11-23T16:17:53 IST" skipped="0">
  <testcase classname="day3.MyFirstTestNGTest3" name="login" time="0.000"/>
  <system-out>
    <![CDATA[Login Done]]>
  </system-out>
  <testcase classname="day3.MyFirstTestNGTest3" name="logOutFromApplication" time="0.000"/>
  <system-out/>
</testsuite> <!-- day3.MyFirstTestNGTest3 -->
