<?xml version="1.0" encoding="UTF-8"?>
<!-- Generated by org.testng.reporters.JUnitReportReporter -->
<testsuite hostname="WKWZTfZlPaWinwH" failures="0" tests="4" name="day3.AdditionalAttributes" time="10.885" errors="0" timestamp="2022-11-23T16:17:53 IST" skipped="1">
  <testcase classname="day3.AdditionalAttributes" name="verifyURL" time="3.695"/>
  <system-out/>
  <testcase classname="day3.AdditionalAttributes" name="verifyTitle" time="3.615"/>
  <system-out/>
  <testcase classname="day3.AdditionalAttributes" name="verifyForgotPasswordLink" time="3.575"/>
  <system-out/>
  <testcase classname="day3.AdditionalAttributes" name="verifySocialMediaCount">
    <skipped/>
  </testcase> <!-- verifySocialMediaCount -->
  <system-out/>
</testsuite> <!-- day3.AdditionalAttributes -->
