<?xml version="1.0" encoding="UTF-8"?>
<!-- Generated by org.testng.reporters.JUnitReportReporter -->
<testsuite hostname="WKWZTfZlPaWinwH" failures="0" tests="10" name="day3.SameTestMultipleTimes" time="0.340" errors="0" timestamp="2022-11-23T16:17:53 IST" skipped="0">
  <testcase classname="day3.SameTestMultipleTimes" name="createUser" time="0.016"/>
  <system-out/>
  <testcase classname="day3.SameTestMultipleTimes" name="createUser" time="0.032"/>
  <system-out/>
  <testcase classname="day3.SameTestMultipleTimes" name="createUser" time="0.006"/>
  <system-out/>
  <testcase classname="day3.SameTestMultipleTimes" name="createUser" time="0.015"/>
  <system-out/>
  <testcase classname="day3.SameTestMultipleTimes" name="createUser" time="0.028"/>
  <system-out/>
  <testcase classname="day3.SameTestMultipleTimes" name="createUser" time="0.024"/>
  <system-out/>
  <testcase classname="day3.SameTestMultipleTimes" name="createUser" time="0.015"/>
  <system-out/>
  <testcase classname="day3.SameTestMultipleTimes" name="createUser" time="0.155"/>
  <system-out/>
  <testcase classname="day3.SameTestMultipleTimes" name="createUser" time="0.033"/>
  <system-out/>
  <testcase classname="day3.SameTestMultipleTimes" name="createUser" time="0.016"/>
  <system-out/>
</testsuite> <!-- day3.SameTestMultipleTimes -->
