<?xml version="1.0" encoding="UTF-8"?>
<!-- Generated by org.testng.reporters.JUnitReportReporter -->
<testsuite hostname="WKWZTfZlPaWinwH" failures="0" tests="5" name="day3.AssertionDemo" time="0.000" errors="0" timestamp="2022-11-23T16:17:53 IST" skipped="0">
  <testcase classname="day3.AssertionDemo" name="test2" time="0.000"/>
  <system-out/>
  <testcase classname="day3.AssertionDemo" name="test4" time="0.000"/>
  <system-out/>
  <testcase classname="day3.AssertionDemo" name="test5" time="0.000"/>
  <system-out/>
  <testcase classname="day3.AssertionDemo" name="test1" time="0.000"/>
  <system-out/>
  <testcase classname="day3.AssertionDemo" name="test3" time="0.000"/>
  <system-out/>
</testsuite> <!-- day3.AssertionDemo -->
