<?xml version="1.0" encoding="UTF-8"?>
<!-- Generated by org.testng.reporters.JUnitReportReporter -->
<testsuite hostname="WKWZTfZlPaWinwH" failures="0" tests="3" name="day3.MyFirstTestNGTest" time="0.000" errors="0" timestamp="2022-11-23T16:17:53 IST" skipped="0">
  <testcase classname="day3.MyFirstTestNGTest" name="test1" time="0.000"/>
  <system-out/>
  <testcase classname="day3.MyFirstTestNGTest" name="test3" time="0.000"/>
  <system-out/>
  <testcase classname="day3.MyFirstTestNGTest" name="test2" time="0.000"/>
  <system-out/>
</testsuite> <!-- day3.MyFirstTestNGTest -->
